nohup: ignoring input
/home/opcc/main.py:33: DeprecationWarning: websockets.server.serve is deprecated
  from websockets.server import serve
[94m2025-09-02 22:53:09,498 - __main__ - INFO - Starting WebSocket server on 0.0.0.0:8887 (paths: '/logs', '/ev-status', '/<ChargePointId>')[0m
[94m2025-09-02 22:53:09,499 - __main__ - INFO - Web server listening on 0.0.0.0:5000[0m
/usr/lib/python3.11/asyncio/events.py:80: RuntimeWarning: coroutine 'LogStreamer.broadcast' was never awaited
  self._context.run(self._callback, *self._args)
RuntimeWarning: Enable tracemalloc to get the object allocation traceback
[94m2025-09-02 22:53:09,513 - websockets.server - INFO - server listening on 0.0.0.0:8887[0m
[94m2025-09-02 22:53:09,514 - app.ev_simulator_manager - INFO - EV Simulator Manager polling task started.[0m
[94m2025-09-02 22:53:09,998 - websockets.server - INFO - connection open[0m
[94m2025-09-02 22:53:09,998 - app.streamers - INFO - EV status stream client connected: ('192.168.0.10', 16598)[0m
[94m2025-09-02 22:53:12,391 - websockets.server - INFO - connection open[0m
[94m2025-09-02 22:53:12,391 - app.streamers - INFO - Log stream client connected: ('192.168.0.10', 58440)[0m
[94m2025-09-02 22:53:25,384 - websockets.server - INFO - connection open[0m
[94m2025-09-02 22:53:25,384 - __main__ - INFO - Connection received from ('192.168.0.16', 52465) on path '/Wallbox001'[0m
[94m2025-09-02 22:53:25,385 - app.ocpp_handler - INFO - New connection from Charge Point: Wallbox001[0m
[94m2025-09-02 22:53:25,385 - app.ocpp_handler - INFO - Set Wallbox001 as the active charge point.[0m
[94m2025-09-02 22:53:25,385 - app.ocpp_handler - INFO - Main logic task for Wallbox001 started.[0m
[94m2025-09-02 22:53:25,385 - app.ocpp_handler - INFO - Connection for Wallbox001 established. Starting periodic health checks.[0m
[92m2025-09-02 22:53:26,593 - app.ocpp_handler - DEBUG - Received CALL 'StatusNotification' for Wallbox001. Payload: {'connectorId': 1, 'errorCode': 'NoError', 'info': '', 'status': 'Finishing', 'timestamp': '2025-09-02T20:53:26.000Z', 'vendorId': '', 'vendorErrorCode': ''}[0m
[92m2025-09-02 22:53:26,593 - app.ocpp_handler - DEBUG - Received CALL 'StatusNotification' from Wallbox001[0m
[94m2025-09-02 22:53:26,593 - app.ocpp_handler - INFO - handle_call for Wallbox001. Active CP: Wallbox001[0m
[92m2025-09-02 22:53:26,593 - app.ocpp_message_handlers - DEBUG - Handling StatusNotification from Wallbox001: Finishing[0m
[94m2025-09-02 22:53:26,593 - app.ocpp_message_handlers - INFO - Received StatusNotification from Wallbox001: Connector 1 is Finishing (equivalent to CP State X)[0m
[92m

------------OCPP Call----------[0m
[92m2025-09-02 22:53:26,594 - app.ocpp_handler - DEBUG - RAW >> [3, "3845397005", {}][0m
[94m2025-09-02 22:53:26,594 - app.ocpp_handler - INFO - Sent response for 'StatusNotification' to Wallbox001.[0m
[94m2025-09-02 22:53:27,746 - app.streamers - INFO - EV status stream client disconnected: ('192.168.0.10', 16598)[0m
[94m2025-09-02 22:53:27,747 - app.streamers - INFO - Log stream client disconnected: ('192.168.0.10', 58440)[0m
[94m2025-09-02 22:53:27,747 - websockets.server - INFO - connection closed[0m
[94m2025-09-02 22:53:27,747 - websockets.server - INFO - connection closed[0m
[94m2025-09-02 22:53:27,999 - websockets.server - INFO - connection open[0m
[94m2025-09-02 22:53:27,999 - app.streamers - INFO - EV status stream client connected: ('192.168.0.10', 2459)[0m
[94m2025-09-02 22:53:28,014 - websockets.server - INFO - connection open[0m
[94m2025-09-02 22:53:28,014 - app.streamers - INFO - Log stream client connected: ('192.168.0.10', 46041)[0m
[92m2025-09-02 22:53:38,898 - app.ocpp_handler - DEBUG - Received CALL 'StatusNotification' for Wallbox001. Payload: {'connectorId': 1, 'errorCode': 'NoError', 'info': '', 'status': 'Finishing', 'timestamp': '2025-09-02T20:53:38.000Z', 'vendorId': '', 'vendorErrorCode': ''}[0m
[92m2025-09-02 22:53:38,898 - app.ocpp_handler - DEBUG - Received CALL 'StatusNotification' from Wallbox001[0m
[94m2025-09-02 22:53:38,898 - app.ocpp_handler - INFO - handle_call for Wallbox001. Active CP: Wallbox001[0m
[92m2025-09-02 22:53:38,899 - app.ocpp_message_handlers - DEBUG - Handling StatusNotification from Wallbox001: Finishing[0m
[94m2025-09-02 22:53:38,899 - app.ocpp_message_handlers - INFO - Received StatusNotification from Wallbox001: Connector 1 is Finishing (equivalent to CP State X)[0m
[92m

------------OCPP Call----------[0m
[92m2025-09-02 22:53:38,899 - app.ocpp_handler - DEBUG - RAW >> [3, "563842310", {}][0m
[94m2025-09-02 22:53:38,899 - app.ocpp_handler - INFO - Sent response for 'StatusNotification' to Wallbox001.[0m
[92m2025-09-02 22:53:52,301 - app.ocpp_handler - DEBUG - Received CALL 'StatusNotification' for Wallbox001. Payload: {'connectorId': 1, 'errorCode': 'NoError', 'info': '', 'status': 'Finishing', 'timestamp': '2025-09-02T20:53:51.000Z', 'vendorId': '', 'vendorErrorCode': ''}[0m
[92m2025-09-02 22:53:52,302 - app.ocpp_handler - DEBUG - Received CALL 'StatusNotification' from Wallbox001[0m
[94m2025-09-02 22:53:52,302 - app.ocpp_handler - INFO - handle_call for Wallbox001. Active CP: Wallbox001[0m
[92m2025-09-02 22:53:52,302 - app.ocpp_message_handlers - DEBUG - Handling StatusNotification from Wallbox001: Finishing[0m
[94m2025-09-02 22:53:52,302 - app.ocpp_message_handlers - INFO - Received StatusNotification from Wallbox001: Connector 1 is Finishing (equivalent to CP State X)[0m
[92m

------------OCPP Call----------[0m
[92m2025-09-02 22:53:52,302 - app.ocpp_handler - DEBUG - RAW >> [3, "3560199828", {}][0m
[94m2025-09-02 22:53:52,302 - app.ocpp_handler - INFO - Sent response for 'StatusNotification' to Wallbox001.[0m
[94m2025-09-02 22:53:58,267 - root - INFO - API call to run test step 'run_e8_remote_stop_transaction' for charge point 'Wallbox001'[0m
[91m--- Step E.8: Stopping active transaction for Wallbox001 ---[0m
[91m2025-09-02 22:53:58,267 - app.ocpp_test_steps - ERROR - FAILED: No active transaction found to stop.[0m
[92m2025-09-02 22:53:58,267 - app.ocpp_server_logic - DEBUG - Stored test result for Wallbox001 - run_e8_remote_stop_transaction: FAILED[0m
[92m2025-09-02 22:54:04,607 - app.ocpp_handler - DEBUG - Received CALL 'StatusNotification' for Wallbox001. Payload: {'connectorId': 1, 'errorCode': 'NoError', 'info': '', 'status': 'Finishing', 'timestamp': '2025-09-02T20:54:04.000Z', 'vendorId': '', 'vendorErrorCode': ''}[0m
[92m2025-09-02 22:54:04,607 - app.ocpp_handler - DEBUG - Received CALL 'StatusNotification' from Wallbox001[0m
[94m2025-09-02 22:54:04,607 - app.ocpp_handler - INFO - handle_call for Wallbox001. Active CP: Wallbox001[0m
[92m2025-09-02 22:54:04,607 - app.ocpp_message_handlers - DEBUG - Handling StatusNotification from Wallbox001: Finishing[0m
[94m2025-09-02 22:54:04,607 - app.ocpp_message_handlers - INFO - Received StatusNotification from Wallbox001: Connector 1 is Finishing (equivalent to CP State X)[0m
[92m

------------OCPP Call----------[0m
[92m2025-09-02 22:54:04,607 - app.ocpp_handler - DEBUG - RAW >> [3, "4082016300", {}][0m
[94m2025-09-02 22:54:04,607 - app.ocpp_handler - INFO - Sent response for 'StatusNotification' to Wallbox001.[0m
[92m2025-09-02 22:54:18,011 - app.ocpp_handler - DEBUG - Received CALL 'StatusNotification' for Wallbox001. Payload: {'connectorId': 1, 'errorCode': 'NoError', 'info': '', 'status': 'Finishing', 'timestamp': '2025-09-02T20:54:17.000Z', 'vendorId': '', 'vendorErrorCode': ''}[0m
[92m2025-09-02 22:54:18,011 - app.ocpp_handler - DEBUG - Received CALL 'StatusNotification' from Wallbox001[0m
[94m2025-09-02 22:54:18,012 - app.ocpp_handler - INFO - handle_call for Wallbox001. Active CP: Wallbox001[0m
[92m2025-09-02 22:54:18,012 - app.ocpp_message_handlers - DEBUG - Handling StatusNotification from Wallbox001: Finishing[0m
[94m2025-09-02 22:54:18,012 - app.ocpp_message_handlers - INFO - Received StatusNotification from Wallbox001: Connector 1 is Finishing (equivalent to CP State X)[0m
[92m

------------OCPP Call----------[0m
[92m2025-09-02 22:54:18,012 - app.ocpp_handler - DEBUG - RAW >> [3, "2665083875", {}][0m
[94m2025-09-02 22:54:18,012 - app.ocpp_handler - INFO - Sent response for 'StatusNotification' to Wallbox001.[0m
[94m2025-09-02 22:54:21,530 - root - INFO - API call to run test step 'run_e2_remote_start_state_b' for charge point 'Wallbox001'[0m
[91m--- Step E.2: RemoteStartTransaction from State B for Wallbox001 ---[0m
[94m2025-09-02 22:54:21,530 - app.ocpp_server_logic - INFO - Skipping EV state change to 'B'; simulator is disabled.[0m
[94m2025-09-02 22:54:23,531 - app.ocpp_test_steps - INFO - Sending RemoteStartTransaction...[0m
[92m

------------OCPP Call----------[0m
[92m2025-09-02 22:54:23,531 - app.ocpp_handler - DEBUG - RAW >> [2, "1b70e5fd-a418-4c70-9fa7-3a57daa7575e", "RemoteStartTransaction", {"idTag": "test_id_1", "connectorId": 1}][0m
[92m2025-09-02 22:54:23,531 - app.ocpp_handler - DEBUG - Sent RemoteStartTransaction from Wallbox001. Payload: RemoteStartTransactionRequest(idTag='test_id_1', connectorId=1, chargingProfile=None)[0m
[94m2025-09-02 22:54:23,531 - app.ocpp_handler - INFO - Sent RemoteStartTransaction (id=1b70e5fd-a418-4c70-9fa7-3a57daa7575e). Waiting...[0m
[94m2025-09-02 22:54:23,647 - app.ocpp_handler - INFO - Received CALLRESULT for 'RemoteStartTransaction' (id=1b70e5fd-a418-4c70-9fa7-3a57daa7575e) from Wallbox001.[0m
[94m2025-09-02 22:54:23,648 - app.ocpp_test_steps - INFO - PASSED: RemoteStartTransaction was accepted as expected from State B.[0m
[92m2025-09-02 22:54:23,648 - app.ocpp_server_logic - DEBUG - Stored test result for Wallbox001 - run_e2_remote_start_state_b: PASSED[0m
[94m2025-09-02 22:54:23,648 - app.ocpp_test_steps - INFO - Transaction 1 registered internally.[0m
[94m2025-09-02 22:54:23,648 - app.ocpp_test_steps - INFO - Setting EV state to 'C' to simulate charging.[0m
[94m2025-09-02 22:54:23,648 - app.ocpp_server_logic - INFO - Skipping EV state change to 'C'; simulator is disabled.[0m
[91m--- Step E.2 for Wallbox001 complete. ---[0m
[92m2025-09-02 22:54:24,847 - app.ocpp_handler - DEBUG - Received CALL 'StartTransaction' for Wallbox001. Payload: {'connectorId': 1, 'idTag': 'test_id_1', 'meterStart': 227496, 'timestamp': '2025-09-02T20:54:23.000Z'}[0m
[92m2025-09-02 22:54:24,847 - app.ocpp_handler - DEBUG - Received CALL 'StartTransaction' from Wallbox001[0m
[94m2025-09-02 22:54:24,847 - app.ocpp_handler - INFO - handle_call for Wallbox001. Active CP: Wallbox001[0m
[94m2025-09-02 22:54:24,847 - app.ocpp_message_handlers - INFO - Received StartTransaction from Wallbox001: StartTransactionRequest(connectorId=1, idTag='test_id_1', timestamp='2025-09-02T20:54:23.000Z', meterStart=227496, reservationId=None)[0m
[91m2025-09-02 22:54:24,847 - app.ocpp_handler - ERROR - Error handling 'StartTransaction': 'StartTransactionRequest' object has no attribute 'transactionId'[0m
Traceback (most recent call last):
  File "/home/opcc/app/ocpp_handler.py", line 226, in handle_call
    response_payload = await handler(self.charge_point_id, payload)
                       ^^^^^^^^^^^^^^^^^^^^^^^^^^^^^^^^^^^^^^^^^^^^
  File "/home/opcc/app/ocpp_message_handlers.py", line 146, in handle_start_transaction
    "cp_transaction_id": payload.transactionId # Store CP's transactionId
                         ^^^^^^^^^^^^^^^^^^^^^
AttributeError: 'StartTransactionRequest' object has no attribute 'transactionId'
[92m2025-09-02 22:54:25,386 - app.ocpp_server_logic - DEBUG - Passive health check for Wallbox001. Waiting for next heartbeat.[0m
[92m2025-09-02 22:54:26,148 - app.ocpp_handler - DEBUG - Received CALL 'Heartbeat' for Wallbox001. Payload: {}[0m
[92m2025-09-02 22:54:26,149 - app.ocpp_handler - DEBUG - Received CALL 'Heartbeat' from Wallbox001[0m
[94m2025-09-02 22:54:26,149 - app.ocpp_handler - INFO - handle_call for Wallbox001. Active CP: Wallbox001[0m
[94m2025-09-02 22:54:26,149 - app.ocpp_message_handlers - INFO - Received Heartbeat from Wallbox001[0m
[92m

------------OCPP Call----------[0m
[92m2025-09-02 22:54:26,149 - app.ocpp_handler - DEBUG - RAW >> [3, "900103422", {"currentTime": "2025-09-02T20:54:26.149626+00:00"}][0m
[94m2025-09-02 22:54:26,150 - app.ocpp_handler - INFO - Sent response for 'Heartbeat' to Wallbox001.[0m
[92m2025-09-02 22:54:45,060 - app.ocpp_handler - DEBUG - Received CALL 'StartTransaction' for Wallbox001. Payload: {'connectorId': 1, 'idTag': 'test_id_1', 'meterStart': 227496, 'timestamp': '2025-09-02T20:54:23.000Z'}[0m
[92m2025-09-02 22:54:45,060 - app.ocpp_handler - DEBUG - Received CALL 'StartTransaction' from Wallbox001[0m
[94m2025-09-02 22:54:45,060 - app.ocpp_handler - INFO - handle_call for Wallbox001. Active CP: Wallbox001[0m
[94m2025-09-02 22:54:45,060 - app.ocpp_message_handlers - INFO - Received StartTransaction from Wallbox001: StartTransactionRequest(connectorId=1, idTag='test_id_1', timestamp='2025-09-02T20:54:23.000Z', meterStart=227496, reservationId=None)[0m
[91m2025-09-02 22:54:45,060 - app.ocpp_handler - ERROR - Error handling 'StartTransaction': 'StartTransactionRequest' object has no attribute 'transactionId'[0m
Traceback (most recent call last):
  File "/home/opcc/app/ocpp_handler.py", line 226, in handle_call
    response_payload = await handler(self.charge_point_id, payload)
                       ^^^^^^^^^^^^^^^^^^^^^^^^^^^^^^^^^^^^^^^^^^^^
  File "/home/opcc/app/ocpp_message_handlers.py", line 146, in handle_start_transaction
    "cp_transaction_id": payload.transactionId # Store CP's transactionId
                         ^^^^^^^^^^^^^^^^^^^^^
AttributeError: 'StartTransactionRequest' object has no attribute 'transactionId'
[92m2025-09-02 22:54:48,558 - app.ocpp_handler - DEBUG - Received CALL 'StatusNotification' for Wallbox001. Payload: {'connectorId': 1, 'errorCode': 'NoError', 'info': '', 'status': 'Charging', 'timestamp': '2025-09-02T20:54:48.000Z', 'vendorId': '', 'vendorErrorCode': ''}[0m
[92m2025-09-02 22:54:48,559 - app.ocpp_handler - DEBUG - Received CALL 'StatusNotification' from Wallbox001[0m
[94m2025-09-02 22:54:48,559 - app.ocpp_handler - INFO - handle_call for Wallbox001. Active CP: Wallbox001[0m
[92m2025-09-02 22:54:48,559 - app.ocpp_message_handlers - DEBUG - Handling StatusNotification from Wallbox001: Charging[0m
[94m2025-09-02 22:54:48,559 - app.ocpp_message_handlers - INFO - Received StatusNotification from Wallbox001: Connector 1 is Charging (equivalent to CP State C)[0m
[92m

------------OCPP Call----------[0m
[92m2025-09-02 22:54:48,559 - app.ocpp_handler - DEBUG - RAW >> [3, "1186657044", {}][0m
[94m2025-09-02 22:54:48,559 - app.ocpp_handler - INFO - Sent response for 'StatusNotification' to Wallbox001.[0m
[92m2025-09-02 22:54:49,858 - app.ocpp_handler - DEBUG - Received CALL 'StatusNotification' for Wallbox001. Payload: {'connectorId': 1, 'errorCode': 'NoError', 'info': '', 'status': 'SuspendedEV', 'timestamp': '2025-09-02T20:54:49.000Z', 'vendorId': '', 'vendorErrorCode': ''}[0m
[92m2025-09-02 22:54:49,858 - app.ocpp_handler - DEBUG - Received CALL 'StatusNotification' from Wallbox001[0m
[94m2025-09-02 22:54:49,858 - app.ocpp_handler - INFO - handle_call for Wallbox001. Active CP: Wallbox001[0m
[92m2025-09-02 22:54:49,858 - app.ocpp_message_handlers - DEBUG - Handling StatusNotification from Wallbox001: SuspendedEV[0m
[94m2025-09-02 22:54:49,858 - app.ocpp_message_handlers - INFO - Received StatusNotification from Wallbox001: Connector 1 is SuspendedEV (equivalent to Unknown)[0m
[92m

------------OCPP Call----------[0m
[92m2025-09-02 22:54:49,859 - app.ocpp_handler - DEBUG - RAW >> [3, "3553657227", {}][0m
[94m2025-09-02 22:54:49,859 - app.ocpp_handler - INFO - Sent response for 'StatusNotification' to Wallbox001.[0m
[92m2025-09-02 22:55:25,261 - app.ocpp_handler - DEBUG - Received CALL 'MeterValues' for Wallbox001. Payload: {'connectorId': 1, 'transactionId': 0, 'meterValue': [{'timestamp': '2025-09-02T20:55:24.000Z', 'sampledValue': [{'value': '0.07', 'context': 'Sample.Periodic', 'measurand': 'Current.Import', 'phase': 'L1-N', 'location': 'Body', 'unit': 'A'}, {'value': '227496.02', 'context': 'Sample.Periodic', 'measurand': 'Energy.Active.Import.Register', 'location': 'Body', 'unit': 'Wh'}, {'value': '4.91', 'context': 'Sample.Periodic', 'measurand': 'Power.Active.Import', 'location': 'Body', 'unit': 'W'}, {'value': '38', 'context': 'Sample.Periodic', 'measurand': 'Temperature', 'location': 'Body', 'unit': 'Celsius'}, {'value': '237.65', 'context': 'Sample.Periodic', 'measurand': 'Voltage', 'phase': 'L1-N', 'location': 'Body', 'unit': 'V'}, {'value': '237.26', 'context': 'Sample.Periodic', 'measurand': 'Voltage', 'phase': 'L2-N', 'location': 'Body', 'unit': 'V'}, {'value': '238.55', 'context': 'Sample.Periodic', 'measurand': 'Voltage', 'phase': 'L3-N', 'location': 'Body', 'unit': 'V'}]}]}[0m
[92m2025-09-02 22:55:25,261 - app.ocpp_handler - DEBUG - Received CALL 'MeterValues' from Wallbox001[0m
[94m2025-09-02 22:55:25,261 - app.ocpp_handler - INFO - handle_call for Wallbox001. Active CP: Wallbox001[0m
[92m2025-09-02 22:55:25,261 - app.ocpp_message_handlers - DEBUG - Received MeterValues from Wallbox001 for connector 1 (transactionId: 0)[0m
[92m2025-09-02 22:55:25,262 - app.ocpp_message_handlers - DEBUG -   -> Timestamp: 2025-09-02T20:55:24.000Z[0m
[92m2025-09-02 22:55:25,262 - app.ocpp_message_handlers - DEBUG -     - Current.Import: 0.07 A (context: Sample.Periodic, location: Body, phase: L1-N)[0m
[92m2025-09-02 22:55:25,262 - app.ocpp_message_handlers - DEBUG -     - Energy.Active.Import.Register: 227496.02 Wh (context: Sample.Periodic, location: Body)[0m
[92m2025-09-02 22:55:25,262 - app.ocpp_message_handlers - DEBUG -     - Power.Active.Import: 4.91 W (context: Sample.Periodic, location: Body)[0m
[92m2025-09-02 22:55:25,262 - app.ocpp_message_handlers - DEBUG -     - Temperature: 38 Celsius (context: Sample.Periodic, location: Body)[0m
[92m2025-09-02 22:55:25,262 - app.ocpp_message_handlers - DEBUG -     - Voltage: 237.65 V (context: Sample.Periodic, location: Body, phase: L1-N)[0m
[92m2025-09-02 22:55:25,262 - app.ocpp_message_handlers - DEBUG -     - Voltage: 237.26 V (context: Sample.Periodic, location: Body, phase: L2-N)[0m
[92m2025-09-02 22:55:25,262 - app.ocpp_message_handlers - DEBUG -     - Voltage: 238.55 V (context: Sample.Periodic, location: Body, phase: L3-N)[0m
[92m2025-09-02 22:55:25,262 - app.ocpp_message_handlers - DEBUG - Checking transaction 1: CP ID=Wallbox001, Status=Ongoing, CP_Tx_ID=None. Payload Tx ID=0[0m
[92m

------------OCPP Call----------[0m
[92m2025-09-02 22:55:25,262 - app.ocpp_handler - DEBUG - RAW >> [3, "2182316707", {}][0m
[94m2025-09-02 22:55:25,262 - app.ocpp_handler - INFO - Sent response for 'MeterValues' to Wallbox001.[0m
[92m2025-09-02 22:55:25,388 - app.ocpp_server_logic - DEBUG - Passive health check for Wallbox001. Waiting for next heartbeat.[0m
[92m2025-09-02 22:55:26,561 - app.ocpp_handler - DEBUG - Received CALL 'Heartbeat' for Wallbox001. Payload: {}[0m
[92m2025-09-02 22:55:26,562 - app.ocpp_handler - DEBUG - Received CALL 'Heartbeat' from Wallbox001[0m
[94m2025-09-02 22:55:26,562 - app.ocpp_handler - INFO - handle_call for Wallbox001. Active CP: Wallbox001[0m
[94m2025-09-02 22:55:26,562 - app.ocpp_message_handlers - INFO - Received Heartbeat from Wallbox001[0m
[92m

------------OCPP Call----------[0m
[92m2025-09-02 22:55:26,562 - app.ocpp_handler - DEBUG - RAW >> [3, "4234467613", {"currentTime": "2025-09-02T20:55:26.562361+00:00"}][0m
[94m2025-09-02 22:55:26,562 - app.ocpp_handler - INFO - Sent response for 'Heartbeat' to Wallbox001.[0m
[92m2025-09-02 22:56:25,237 - app.ocpp_handler - DEBUG - Received CALL 'MeterValues' for Wallbox001. Payload: {'connectorId': 1, 'transactionId': 0, 'meterValue': [{'timestamp': '2025-09-02T20:56:24.000Z', 'sampledValue': [{'value': '0.08', 'context': 'Sample.Periodic', 'measurand': 'Current.Import', 'phase': 'L1-N', 'location': 'Body', 'unit': 'A'}, {'value': '227496.02', 'context': 'Sample.Periodic', 'measurand': 'Energy.Active.Import.Register', 'location': 'Body', 'unit': 'Wh'}, {'value': '5.47', 'context': 'Sample.Periodic', 'measurand': 'Power.Active.Import', 'location': 'Body', 'unit': 'W'}, {'value': '38', 'context': 'Sample.Periodic', 'measurand': 'Temperature', 'location': 'Body', 'unit': 'Celsius'}, {'value': '237.90', 'context': 'Sample.Periodic', 'measurand': 'Voltage', 'phase': 'L1-N', 'location': 'Body', 'unit': 'V'}, {'value': '237.75', 'context': 'Sample.Periodic', 'measurand': 'Voltage', 'phase': 'L2-N', 'location': 'Body', 'unit': 'V'}, {'value': '238.93', 'context': 'Sample.Periodic', 'measurand': 'Voltage', 'phase': 'L3-N', 'location': 'Body', 'unit': 'V'}]}]}[0m
[92m2025-09-02 22:56:25,237 - app.ocpp_handler - DEBUG - Received CALL 'MeterValues' from Wallbox001[0m
[94m2025-09-02 22:56:25,238 - app.ocpp_handler - INFO - handle_call for Wallbox001. Active CP: Wallbox001[0m
[92m2025-09-02 22:56:25,238 - app.ocpp_message_handlers - DEBUG - Received MeterValues from Wallbox001 for connector 1 (transactionId: 0)[0m
[92m2025-09-02 22:56:25,238 - app.ocpp_message_handlers - DEBUG -   -> Timestamp: 2025-09-02T20:56:24.000Z[0m
[92m2025-09-02 22:56:25,238 - app.ocpp_message_handlers - DEBUG -     - Current.Import: 0.08 A (context: Sample.Periodic, location: Body, phase: L1-N)[0m
[92m2025-09-02 22:56:25,238 - app.ocpp_message_handlers - DEBUG -     - Energy.Active.Import.Register: 227496.02 Wh (context: Sample.Periodic, location: Body)[0m
[92m2025-09-02 22:56:25,238 - app.ocpp_message_handlers - DEBUG -     - Power.Active.Import: 5.47 W (context: Sample.Periodic, location: Body)[0m
[92m2025-09-02 22:56:25,238 - app.ocpp_message_handlers - DEBUG -     - Temperature: 38 Celsius (context: Sample.Periodic, location: Body)[0m
[92m2025-09-02 22:56:25,238 - app.ocpp_message_handlers - DEBUG -     - Voltage: 237.90 V (context: Sample.Periodic, location: Body, phase: L1-N)[0m
[92m2025-09-02 22:56:25,238 - app.ocpp_message_handlers - DEBUG -     - Voltage: 237.75 V (context: Sample.Periodic, location: Body, phase: L2-N)[0m
[92m2025-09-02 22:56:25,238 - app.ocpp_message_handlers - DEBUG -     - Voltage: 238.93 V (context: Sample.Periodic, location: Body, phase: L3-N)[0m
[92m2025-09-02 22:56:25,238 - app.ocpp_message_handlers - DEBUG - Checking transaction 1: CP ID=Wallbox001, Status=Ongoing, CP_Tx_ID=0. Payload Tx ID=0[0m
[92m

------------OCPP Call----------[0m
[92m2025-09-02 22:56:25,239 - app.ocpp_handler - DEBUG - RAW >> [3, "975104118", {}][0m
[94m2025-09-02 22:56:25,239 - app.ocpp_handler - INFO - Sent response for 'MeterValues' to Wallbox001.[0m
[92m2025-09-02 22:56:25,388 - app.ocpp_server_logic - DEBUG - Passive health check for Wallbox001. Waiting for next heartbeat.[0m
[92m2025-09-02 22:56:26,444 - app.ocpp_handler - DEBUG - Received CALL 'Heartbeat' for Wallbox001. Payload: {}[0m
[92m2025-09-02 22:56:26,444 - app.ocpp_handler - DEBUG - Received CALL 'Heartbeat' from Wallbox001[0m
[94m2025-09-02 22:56:26,444 - app.ocpp_handler - INFO - handle_call for Wallbox001. Active CP: Wallbox001[0m
[94m2025-09-02 22:56:26,444 - app.ocpp_message_handlers - INFO - Received Heartbeat from Wallbox001[0m
[92m

------------OCPP Call----------[0m
[92m2025-09-02 22:56:26,445 - app.ocpp_handler - DEBUG - RAW >> [3, "3184315195", {"currentTime": "2025-09-02T20:56:26.445094+00:00"}][0m
[94m2025-09-02 22:56:26,445 - app.ocpp_handler - INFO - Sent response for 'Heartbeat' to Wallbox001.[0m
[92m2025-09-02 22:57:25,047 - app.ocpp_handler - DEBUG - Received CALL 'MeterValues' for Wallbox001. Payload: {'connectorId': 1, 'transactionId': 0, 'meterValue': [{'timestamp': '2025-09-02T20:57:24.000Z', 'sampledValue': [{'value': '0.07', 'context': 'Sample.Periodic', 'measurand': 'Current.Import', 'phase': 'L1-N', 'location': 'Body', 'unit': 'A'}, {'value': '227496.02', 'context': 'Sample.Periodic', 'measurand': 'Energy.Active.Import.Register', 'location': 'Body', 'unit': 'Wh'}, {'value': '4.15', 'context': 'Sample.Periodic', 'measurand': 'Power.Active.Import', 'location': 'Body', 'unit': 'W'}, {'value': '38', 'context': 'Sample.Periodic', 'measurand': 'Temperature', 'location': 'Body', 'unit': 'Celsius'}, {'value': '237.56', 'context': 'Sample.Periodic', 'measurand': 'Voltage', 'phase': 'L1-N', 'location': 'Body', 'unit': 'V'}, {'value': '237.29', 'context': 'Sample.Periodic', 'measurand': 'Voltage', 'phase': 'L2-N', 'location': 'Body', 'unit': 'V'}, {'value': '238.37', 'context': 'Sample.Periodic', 'measurand': 'Voltage', 'phase': 'L3-N', 'location': 'Body', 'unit': 'V'}]}]}[0m
[92m2025-09-02 22:57:25,047 - app.ocpp_handler - DEBUG - Received CALL 'MeterValues' from Wallbox001[0m
[94m2025-09-02 22:57:25,047 - app.ocpp_handler - INFO - handle_call for Wallbox001. Active CP: Wallbox001[0m
[92m2025-09-02 22:57:25,047 - app.ocpp_message_handlers - DEBUG - Received MeterValues from Wallbox001 for connector 1 (transactionId: 0)[0m
[92m2025-09-02 22:57:25,047 - app.ocpp_message_handlers - DEBUG -   -> Timestamp: 2025-09-02T20:57:24.000Z[0m
[92m2025-09-02 22:57:25,047 - app.ocpp_message_handlers - DEBUG -     - Current.Import: 0.07 A (context: Sample.Periodic, location: Body, phase: L1-N)[0m
[92m2025-09-02 22:57:25,048 - app.ocpp_message_handlers - DEBUG -     - Energy.Active.Import.Register: 227496.02 Wh (context: Sample.Periodic, location: Body)[0m
[92m2025-09-02 22:57:25,048 - app.ocpp_message_handlers - DEBUG -     - Power.Active.Import: 4.15 W (context: Sample.Periodic, location: Body)[0m
[92m2025-09-02 22:57:25,048 - app.ocpp_message_handlers - DEBUG -     - Temperature: 38 Celsius (context: Sample.Periodic, location: Body)[0m
[92m2025-09-02 22:57:25,048 - app.ocpp_message_handlers - DEBUG -     - Voltage: 237.56 V (context: Sample.Periodic, location: Body, phase: L1-N)[0m
[92m2025-09-02 22:57:25,048 - app.ocpp_message_handlers - DEBUG -     - Voltage: 237.29 V (context: Sample.Periodic, location: Body, phase: L2-N)[0m
[92m2025-09-02 22:57:25,048 - app.ocpp_message_handlers - DEBUG -     - Voltage: 238.37 V (context: Sample.Periodic, location: Body, phase: L3-N)[0m
[92m2025-09-02 22:57:25,048 - app.ocpp_message_handlers - DEBUG - Checking transaction 1: CP ID=Wallbox001, Status=Ongoing, CP_Tx_ID=0. Payload Tx ID=0[0m
[92m

------------OCPP Call----------[0m
[92m2025-09-02 22:57:25,048 - app.ocpp_handler - DEBUG - RAW >> [3, "2167936790", {}][0m
[94m2025-09-02 22:57:25,048 - app.ocpp_handler - INFO - Sent response for 'MeterValues' to Wallbox001.[0m
[92m2025-09-02 22:57:25,389 - app.ocpp_server_logic - DEBUG - Passive health check for Wallbox001. Waiting for next heartbeat.[0m
[92m2025-09-02 22:57:26,264 - app.ocpp_handler - DEBUG - Received CALL 'Heartbeat' for Wallbox001. Payload: {}[0m
[92m2025-09-02 22:57:26,265 - app.ocpp_handler - DEBUG - Received CALL 'Heartbeat' from Wallbox001[0m
[94m2025-09-02 22:57:26,265 - app.ocpp_handler - INFO - handle_call for Wallbox001. Active CP: Wallbox001[0m
[94m2025-09-02 22:57:26,265 - app.ocpp_message_handlers - INFO - Received Heartbeat from Wallbox001[0m
[92m

------------OCPP Call----------[0m
[92m2025-09-02 22:57:26,265 - app.ocpp_handler - DEBUG - RAW >> [3, "272523498", {"currentTime": "2025-09-02T20:57:26.265296+00:00"}][0m
[94m2025-09-02 22:57:26,265 - app.ocpp_handler - INFO - Sent response for 'Heartbeat' to Wallbox001.[0m
[92m2025-09-02 22:58:24,944 - app.ocpp_handler - DEBUG - Received CALL 'MeterValues' for Wallbox001. Payload: {'connectorId': 1, 'transactionId': 0, 'meterValue': [{'timestamp': '2025-09-02T20:58:24.000Z', 'sampledValue': [{'value': '0.07', 'context': 'Sample.Periodic', 'measurand': 'Current.Import', 'phase': 'L1-N', 'location': 'Body', 'unit': 'A'}, {'value': '227496.02', 'context': 'Sample.Periodic', 'measurand': 'Energy.Active.Import.Register', 'location': 'Body', 'unit': 'Wh'}, {'value': '4.41', 'context': 'Sample.Periodic', 'measurand': 'Power.Active.Import', 'location': 'Body', 'unit': 'W'}, {'value': '38', 'context': 'Sample.Periodic', 'measurand': 'Temperature', 'location': 'Body', 'unit': 'Celsius'}, {'value': '237.49', 'context': 'Sample.Periodic', 'measurand': 'Voltage', 'phase': 'L1-N', 'location': 'Body', 'unit': 'V'}, {'value': '237.10', 'context': 'Sample.Periodic', 'measurand': 'Voltage', 'phase': 'L2-N', 'location': 'Body', 'unit': 'V'}, {'value': '238.30', 'context': 'Sample.Periodic', 'measurand': 'Voltage', 'phase': 'L3-N', 'location': 'Body', 'unit': 'V'}]}]}[0m
[92m2025-09-02 22:58:24,944 - app.ocpp_handler - DEBUG - Received CALL 'MeterValues' from Wallbox001[0m
[94m2025-09-02 22:58:24,944 - app.ocpp_handler - INFO - handle_call for Wallbox001. Active CP: Wallbox001[0m
[92m2025-09-02 22:58:24,944 - app.ocpp_message_handlers - DEBUG - Received MeterValues from Wallbox001 for connector 1 (transactionId: 0)[0m
[92m2025-09-02 22:58:24,944 - app.ocpp_message_handlers - DEBUG -   -> Timestamp: 2025-09-02T20:58:24.000Z[0m
[92m2025-09-02 22:58:24,944 - app.ocpp_message_handlers - DEBUG -     - Current.Import: 0.07 A (context: Sample.Periodic, location: Body, phase: L1-N)[0m
[92m2025-09-02 22:58:24,944 - app.ocpp_message_handlers - DEBUG -     - Energy.Active.Import.Register: 227496.02 Wh (context: Sample.Periodic, location: Body)[0m
[92m2025-09-02 22:58:24,945 - app.ocpp_message_handlers - DEBUG -     - Power.Active.Import: 4.41 W (context: Sample.Periodic, location: Body)[0m
[92m2025-09-02 22:58:24,945 - app.ocpp_message_handlers - DEBUG -     - Temperature: 38 Celsius (context: Sample.Periodic, location: Body)[0m
[92m2025-09-02 22:58:24,945 - app.ocpp_message_handlers - DEBUG -     - Voltage: 237.49 V (context: Sample.Periodic, location: Body, phase: L1-N)[0m
[92m2025-09-02 22:58:24,945 - app.ocpp_message_handlers - DEBUG -     - Voltage: 237.10 V (context: Sample.Periodic, location: Body, phase: L2-N)[0m
[92m2025-09-02 22:58:24,945 - app.ocpp_message_handlers - DEBUG -     - Voltage: 238.30 V (context: Sample.Periodic, location: Body, phase: L3-N)[0m
[92m2025-09-02 22:58:24,945 - app.ocpp_message_handlers - DEBUG - Checking transaction 1: CP ID=Wallbox001, Status=Ongoing, CP_Tx_ID=0. Payload Tx ID=0[0m
[92m

------------OCPP Call----------[0m
[92m2025-09-02 22:58:24,945 - app.ocpp_handler - DEBUG - RAW >> [3, "170140009", {}][0m
[94m2025-09-02 22:58:24,945 - app.ocpp_handler - INFO - Sent response for 'MeterValues' to Wallbox001.[0m
[92m2025-09-02 22:58:25,390 - app.ocpp_server_logic - DEBUG - Passive health check for Wallbox001. Waiting for next heartbeat.[0m
[92m2025-09-02 22:58:28,797 - app.ocpp_handler - DEBUG - Received CALL 'Heartbeat' for Wallbox001. Payload: {}[0m
[92m2025-09-02 22:58:28,797 - app.ocpp_handler - DEBUG - Received CALL 'Heartbeat' from Wallbox001[0m
[94m2025-09-02 22:58:28,797 - app.ocpp_handler - INFO - handle_call for Wallbox001. Active CP: Wallbox001[0m
[94m2025-09-02 22:58:28,797 - app.ocpp_message_handlers - INFO - Received Heartbeat from Wallbox001[0m
[92m

------------OCPP Call----------[0m
[92m2025-09-02 22:58:28,797 - app.ocpp_handler - DEBUG - RAW >> [3, "3689528967", {"currentTime": "2025-09-02T20:58:28.797881+00:00"}][0m
[94m2025-09-02 22:58:28,798 - app.ocpp_handler - INFO - Sent response for 'Heartbeat' to Wallbox001.[0m
